<?xml version="1.0" encoding="UTF-8"?>
<testsuite xmlns:xsi="http://www.w3.org/2001/XMLSchema-instance" xsi:noNamespaceSchemaLocation="https://maven.apache.org/surefire/maven-surefire-plugin/xsd/surefire-test-report.xsd" name="TestSuite" time="1.403" tests="19" errors="0" skipped="0" failures="0">
  <properties>
[...]
</properties>
  <testcase name="loginBaidu" classname="com.dachan.testng.suite.LoginTest" time="0.091"/>
  <testcase name="loginTaoBao" classname="com.dachan.testng.suite.LoginTest" time="0.019"/>
  <testcase name="paySuccess" classname="com.dachan.testng.suite.PayTest" time="0.001"/>
  <testcase name="paramTest" classname="com.dachan.testng.parameter.ParameterTest" time="0.007"/>
  <testcase name="test1" classname="com.dachan.testng.multiThread.MultiThreadOnXml" time="0.002"/>
  <testcase name="test2" classname="com.dachan.testng.multiThread.MultiThreadOnXml" time="0.001"/>
  <testcase name="test3" classname="com.dachan.testng.multiThread.MultiThreadOnXml" time="0.003"/>
  <testcase name="testCase01" classname="com.dachan.testng.BasicAnnotation" time="0.001"/>
  <testcase name="testCase01" classname="com.dachan.testng.BasicAnnotation" time="0.001"/>
  <testcase name="stu1" classname="com.dachan.testng.groups.GroupsOnClass1" time="0.001"/>
  <testcase name="stu1" classname="com.dachan.testng.groups.GroupsOnClass1" time="0.097"/>
  <testcase name="stu2" classname="com.dachan.testng.groups.GroupsOnClass1" time="0"/>
  <testcase name="stu2" classname="com.dachan.testng.groups.GroupsOnClass1" time="0"/>
  <testcase name="stu1" classname="com.dachan.testng.groups.GroupsOnClass2" time="0"/>
  <testcase name="stu1" classname="com.dachan.testng.groups.GroupsOnClass2" time="0.001"/>
  <testcase name="stu2" classname="com.dachan.testng.groups.GroupsOnClass2" time="0.001"/>
  <testcase name="stu2" classname="com.dachan.testng.groups.GroupsOnClass2" time="0"/>
  <testcase name="teacher1" classname="com.dachan.testng.groups.GroupsOnClass3" time="0"/>
  <testcase name="teacher2" classname="com.dachan.testng.groups.GroupsOnClass3" time="0.001"/>
</testsuite>