<?xml version="1.0" encoding="UTF-8"?>
<!-- Generated by org.testng.reporters.JUnitXMLReporter -->
<testsuite ignored="2" hostname="DESKTOP-T0RPK91" failures="0" tests="4" name="onlyRunStu" time="0.069" errors="0" timestamp="09 Feb 2021 08:04:44 GMT">
  <testcase classname="com.dachan.testng.groups.GroupsOnClass1" name="stu1" time="0.002"/>
  <testcase classname="com.dachan.testng.groups.GroupsOnClass1" name="stu2" time="0.001"/>
  <testcase classname="com.dachan.testng.groups.GroupsOnClass2" name="stu1" time="0.001"/>
  <testcase classname="com.dachan.testng.groups.GroupsOnClass2" name="stu2" time="0.002"/>
  <testcase classname="com.dachan.testng.groups.GroupsOnClass3" name="teacher2" time="0.0">
    <ignored/>
  </testcase> <!-- teacher2 -->
  <testcase classname="com.dachan.testng.groups.GroupsOnClass3" name="teacher1" time="0.0">
    <ignored/>
  </testcase> <!-- teacher1 -->
</testsuite> <!-- onlyRunStu -->
