<?xml version="1.0" encoding="UTF-8"?>
<!-- Generated by org.testng.reporters.JUnitXMLReporter -->
<testsuite ignored="0" hostname="DESKTOP-T0RPK91" failures="0" tests="4" name="thread" time="0.016" errors="0" timestamp="09 Feb 2021 08:04:44 GMT">
  <testcase classname="com.dachan.testng.multiThread.MultiThreadOnXml" name="test1" time="0.002"/>
  <testcase classname="com.dachan.testng.multiThread.MultiThreadOnXml" name="test2" time="0.001"/>
  <testcase classname="com.dachan.testng.multiThread.MultiThreadOnXml" name="test3" time="0.001"/>
  <testcase classname="com.dachan.testng.BasicAnnotation" name="testCase01" time="0.001"/>
</testsuite> <!-- thread -->
